[0408/033416.572:ERROR:process_reader_win.cc(123)] NtOpenThread: {Access Denied} A process has requested access to an object, but has not been granted those access rights. (0xc0000022)
[0408/033416.574:ERROR:exception_snapshot_win.cc(98)] thread ID 12928 not found in process
[0408/033416.667:ERROR:process_reader_win.cc(123)] NtOpenThread: {Access Denied} A process has requested access to an object, but has not been granted those access rights. (0xc0000022)
[0408/033416.667:ERROR:exception_snapshot_win.cc(98)] thread ID 2856 not found in process
[0408/143628.118:ERROR:process_reader_win.cc(123)] NtOpenThread: {Access Denied} A process has requested access to an object, but has not been granted those access rights. (0xc0000022)
[0408/143628.119:ERROR:exception_snapshot_win.cc(98)] thread ID 5088 not found in process
[0408/143628.195:ERROR:process_reader_win.cc(123)] NtOpenThread: {Access Denied} A process has requested access to an object, but has not been granted those access rights. (0xc0000022)
[0408/143628.195:ERROR:exception_snapshot_win.cc(98)] thread ID 9172 not found in process
[0414/111007.417:ERROR:process_reader_win.cc(123)] NtOpenThread: {Access Denied} A process has requested access to an object, but has not been granted those access rights. (0xc0000022)
[0414/111007.510:ERROR:exception_snapshot_win.cc(98)] thread ID 9888 not found in process
[0414/111049.437:ERROR:process_reader_win.cc(151)] SuspendThread: Access is denied. (0x5)
[0414/111049.438:ERROR:process_reader_win.cc(151)] SuspendThread: Access is denied. (0x5)
[0414/111049.438:ERROR:process_reader_win.cc(123)] NtOpenThread: {Access Denied} A process has requested access to an object, but has not been granted those access rights. (0xc0000022)
[0414/111049.438:ERROR:exception_snapshot_win.cc(98)] thread ID 13108 not found in process
[0414/111049.464:ERROR:process_reader_win.cc(151)] SuspendThread: Access is denied. (0x5)
[0414/111049.464:ERROR:process_reader_win.cc(151)] SuspendThread: Access is denied. (0x5)
[0414/111049.464:ERROR:process_reader_win.cc(151)] SuspendThread: Access is denied. (0x5)
[0414/111049.464:ERROR:process_reader_win.cc(151)] SuspendThread: Access is denied. (0x5)
[0414/111049.464:ERROR:process_reader_win.cc(151)] SuspendThread: Access is denied. (0x5)
[0414/111049.464:ERROR:process_reader_win.cc(151)] SuspendThread: Access is denied. (0x5)
[0414/111049.464:ERROR:process_reader_win.cc(151)] SuspendThread: Access is denied. (0x5)
[0414/111049.464:ERROR:process_reader_win.cc(151)] SuspendThread: Access is denied. (0x5)
[0414/111049.464:ERROR:process_reader_win.cc(123)] NtOpenThread: {Access Denied} A process has requested access to an object, but has not been granted those access rights. (0xc0000022)
[0414/111049.465:ERROR:exception_snapshot_win.cc(98)] thread ID 17228 not found in process
[0414/111130.840:ERROR:process_reader_win.cc(151)] SuspendThread: Access is denied. (0x5)
[0414/111130.842:ERROR:process_reader_win.cc(151)] SuspendThread: Access is denied. (0x5)
[0414/111130.842:ERROR:process_reader_win.cc(123)] NtOpenThread: {Access Denied} A process has requested access to an object, but has not been granted those access rights. (0xc0000022)
[0414/111130.842:ERROR:exception_snapshot_win.cc(98)] thread ID 8700 not found in process
[0414/111130.873:ERROR:process_reader_win.cc(151)] SuspendThread: Access is denied. (0x5)
[0414/111130.873:ERROR:process_reader_win.cc(151)] SuspendThread: Access is denied. (0x5)
[0414/111130.873:ERROR:process_reader_win.cc(151)] SuspendThread: Access is denied. (0x5)
[0414/111130.873:ERROR:process_reader_win.cc(123)] NtOpenThread: {Access Denied} A process has requested access to an object, but has not been granted those access rights. (0xc0000022)
[0414/111130.873:ERROR:exception_snapshot_win.cc(98)] thread ID 13208 not found in process
[0414/111731.453:ERROR:process_reader_win.cc(123)] NtOpenThread: {Access Denied} A process has requested access to an object, but has not been granted those access rights. (0xc0000022)
[0414/111731.454:ERROR:exception_snapshot_win.cc(98)] thread ID 16640 not found in process
[0414/111731.478:ERROR:process_reader_win.cc(123)] NtOpenThread: {Access Denied} A process has requested access to an object, but has not been granted those access rights. (0xc0000022)
[0414/111731.478:ERROR:exception_snapshot_win.cc(98)] thread ID 9204 not found in process
[0414/111731.619:ERROR:process_reader_win.cc(123)] NtOpenThread: {Access Denied} A process has requested access to an object, but has not been granted those access rights. (0xc0000022)
[0414/111731.619:ERROR:exception_snapshot_win.cc(98)] thread ID 12928 not found in process
[0414/111733.790:ERROR:process_reader_win.cc(123)] NtOpenThread: {Access Denied} A process has requested access to an object, but has not been granted those access rights. (0xc0000022)
[0414/111733.790:ERROR:exception_snapshot_win.cc(98)] thread ID 14824 not found in process
[0414/114952.070:ERROR:process_reader_win.cc(123)] NtOpenThread: {Access Denied} A process has requested access to an object, but has not been granted those access rights. (0xc0000022)
[0414/114952.071:ERROR:exception_snapshot_win.cc(98)] thread ID 4984 not found in process
[0414/114952.237:ERROR:process_reader_win.cc(123)] NtOpenThread: {Access Denied} A process has requested access to an object, but has not been granted those access rights. (0xc0000022)
[0414/114952.237:ERROR:exception_snapshot_win.cc(98)] thread ID 14284 not found in process
[0419/122302.988:ERROR:process_reader_win.cc(151)] SuspendThread: Access is denied. (0x5)
[0419/122302.997:ERROR:process_reader_win.cc(123)] NtOpenThread: {Access Denied} A process has requested access to an object, but has not been granted those access rights. (0xc0000022)
[0419/122303.017:ERROR:exception_snapshot_win.cc(98)] thread ID 3196 not found in process
[0419/122303.067:ERROR:process_reader_win.cc(151)] SuspendThread: Access is denied. (0x5)
[0419/122303.067:ERROR:process_reader_win.cc(151)] SuspendThread: Access is denied. (0x5)
[0419/122303.067:ERROR:process_reader_win.cc(151)] SuspendThread: Access is denied. (0x5)
[0419/122303.067:ERROR:process_reader_win.cc(151)] SuspendThread: Access is denied. (0x5)
[0419/122303.067:ERROR:process_reader_win.cc(151)] SuspendThread: Access is denied. (0x5)
[0419/122303.067:ERROR:process_reader_win.cc(123)] NtOpenThread: {Access Denied} A process has requested access to an object, but has not been granted those access rights. (0xc0000022)
[0419/122303.067:ERROR:exception_snapshot_win.cc(98)] thread ID 6688 not found in process
[0419/134228.360:ERROR:process_reader_win.cc(123)] NtOpenThread: {Access Denied} A process has requested access to an object, but has not been granted those access rights. (0xc0000022)
[0419/134228.416:ERROR:exception_snapshot_win.cc(98)] thread ID 7220 not found in process
[0419/134228.489:ERROR:process_reader_win.cc(123)] NtOpenThread: {Access Denied} A process has requested access to an object, but has not been granted those access rights. (0xc0000022)
[0419/134228.489:ERROR:exception_snapshot_win.cc(98)] thread ID 5480 not found in process
[0419/140423.124:ERROR:process_reader_win.cc(123)] NtOpenThread: {Access Denied} A process has requested access to an object, but has not been granted those access rights. (0xc0000022)
[0419/140423.126:ERROR:exception_snapshot_win.cc(98)] thread ID 1876 not found in process
[0419/140423.241:ERROR:process_reader_win.cc(123)] NtOpenThread: {Access Denied} A process has requested access to an object, but has not been granted those access rights. (0xc0000022)
[0419/140423.241:ERROR:exception_snapshot_win.cc(98)] thread ID 15080 not found in process
[0419/154955.063:ERROR:process_reader_win.cc(123)] NtOpenThread: {Access Denied} A process has requested access to an object, but has not been granted those access rights. (0xc0000022)
[0419/154955.097:ERROR:exception_snapshot_win.cc(98)] thread ID 3612 not found in process
[0419/154955.141:ERROR:process_reader_win.cc(123)] NtOpenThread: {Access Denied} A process has requested access to an object, but has not been granted those access rights. (0xc0000022)
[0419/154955.141:ERROR:exception_snapshot_win.cc(98)] thread ID 7716 not found in process
[0420/185246.366:ERROR:process_reader_win.cc(123)] NtOpenThread: {Access Denied} A process has requested access to an object, but has not been granted those access rights. (0xc0000022)
[0420/185246.458:ERROR:exception_snapshot_win.cc(98)] thread ID 14632 not found in process
[0420/185246.505:ERROR:process_reader_win.cc(123)] NtOpenThread: {Access Denied} A process has requested access to an object, but has not been granted those access rights. (0xc0000022)
[0420/185246.505:ERROR:exception_snapshot_win.cc(98)] thread ID 6272 not found in process
[0420/193201.872:ERROR:process_reader_win.cc(123)] NtOpenThread: {Access Denied} A process has requested access to an object, but has not been granted those access rights. (0xc0000022)
[0420/193201.983:ERROR:exception_snapshot_win.cc(98)] thread ID 8836 not found in process
[0420/193203.780:ERROR:process_reader_win.cc(123)] NtOpenThread: {Access Denied} A process has requested access to an object, but has not been granted those access rights. (0xc0000022)
[0420/193203.780:ERROR:exception_snapshot_win.cc(98)] thread ID 7552 not found in process
[1027/000259.608:ERROR:directory_reader_win.cc(43)] FindFirstFile: The system cannot find the path specified. (0x3)
[1027/003426.732:ERROR:directory_reader_win.cc(43)] FindFirstFile: The system cannot find the path specified. (0x3)
[1027/222037.048:ERROR:directory_reader_win.cc(43)] FindFirstFile: The system cannot find the path specified. (0x3)
[1124/010728.543:ERROR:directory_reader_win.cc(43)] FindFirstFile: The system cannot find the path specified. (0x3)
[1124/225447.712:ERROR:directory_reader_win.cc(43)] FindFirstFile: The system cannot find the path specified. (0x3)
[1124/225942.268:ERROR:filesystem_win.cc(129)] GetFileAttributes C:\Users\rotem\AppData\Local\Temp\scoped_dir10896_1034949739\Crashpad\attachments\d5da284c-da40-4108-a41a-383bfeaba204: The system cannot find the path specified. (0x3)
[1125/221935.613:ERROR:directory_reader_win.cc(43)] FindFirstFile: The system cannot find the path specified. (0x3)
[1125/222325.705:ERROR:filesystem_win.cc(129)] GetFileAttributes C:\Users\rotem\AppData\Local\Temp\scoped_dir9024_1186785563\Crashpad\attachments\25307695-922b-4740-b4aa-499b6c6731af: The system cannot find the path specified. (0x3)
[1130/211818.264:ERROR:directory_reader_win.cc(43)] FindFirstFile: The system cannot find the path specified. (0x3)
[1130/213200.170:ERROR:filesystem_win.cc(129)] GetFileAttributes C:\Users\rotem\AppData\Local\Temp\scoped_dir2264_998234974\Crashpad\attachments\6164a75e-0031-4d44-9ae0-fbcec9419fe1: The system cannot find the path specified. (0x3)
[1130/214512.732:ERROR:directory_reader_win.cc(43)] FindFirstFile: The system cannot find the path specified. (0x3)
[1130/214833.463:ERROR:filesystem_win.cc(129)] GetFileAttributes C:\Users\rotem\AppData\Local\Temp\scoped_dir9116_887112854\Crashpad\attachments\dc566d65-0b7f-4326-9a4b-0ed3e64e53ab: The system cannot find the path specified. (0x3)
[1130/224937.950:ERROR:directory_reader_win.cc(43)] FindFirstFile: The system cannot find the path specified. (0x3)
[1130/225941.727:ERROR:filesystem_win.cc(129)] GetFileAttributes C:\Users\rotem\AppData\Local\Temp\scoped_dir6820_113942798\Crashpad\attachments\2181b748-70cf-4a14-b121-edf8b751cba4: The system cannot find the path specified. (0x3)
[1201/000105.745:ERROR:process_reader_win.cc(123)] NtOpenThread: {Access Denied} A process has requested access to an object, but has not been granted those access rights. (0xc0000022)
[1201/000105.762:ERROR:exception_snapshot_win.cc(99)] thread ID 2496 not found in process
[1201/000105.782:ERROR:process_reader_win.cc(123)] NtOpenThread: {Access Denied} A process has requested access to an object, but has not been granted those access rights. (0xc0000022)
[1201/000105.782:ERROR:exception_snapshot_win.cc(99)] thread ID 13128 not found in process
[1201/183502.383:ERROR:directory_reader_win.cc(43)] FindFirstFile: The system cannot find the path specified. (0x3)
[1201/192513.037:ERROR:process_reader_win.cc(123)] NtOpenThread: {Access Denied} A process has requested access to an object, but has not been granted those access rights. (0xc0000022)
[1201/192513.038:ERROR:exception_snapshot_win.cc(99)] thread ID 15276 not found in process
[1201/192513.137:ERROR:process_reader_win.cc(123)] NtOpenThread: {Access Denied} A process has requested access to an object, but has not been granted those access rights. (0xc0000022)
[1201/192513.137:ERROR:exception_snapshot_win.cc(99)] thread ID 5780 not found in process
[1201/192610.368:ERROR:process_reader_win.cc(123)] NtOpenThread: {Access Denied} A process has requested access to an object, but has not been granted those access rights. (0xc0000022)
[1201/192610.368:ERROR:exception_snapshot_win.cc(99)] thread ID 12488 not found in process
[1201/192610.400:ERROR:process_reader_win.cc(123)] NtOpenThread: {Access Denied} A process has requested access to an object, but has not been granted those access rights. (0xc0000022)
[1201/192610.400:ERROR:exception_snapshot_win.cc(99)] thread ID 12648 not found in process
[1201/192610.460:ERROR:process_reader_win.cc(123)] NtOpenThread: {Access Denied} A process has requested access to an object, but has not been granted those access rights. (0xc0000022)
[1201/192610.463:ERROR:exception_snapshot_win.cc(99)] thread ID 5656 not found in process
[1201/192612.456:ERROR:process_reader_win.cc(123)] NtOpenThread: {Access Denied} A process has requested access to an object, but has not been granted those access rights. (0xc0000022)
[1201/192612.456:ERROR:exception_snapshot_win.cc(99)] thread ID 2744 not found in process
[1202/170800.373:ERROR:directory_reader_win.cc(43)] FindFirstFile: The system cannot find the path specified. (0x3)
[1202/171222.343:ERROR:filesystem_win.cc(129)] GetFileAttributes C:\Users\rotem\AppData\Local\Temp\scoped_dir16628_701436996\Crashpad\attachments\da27fdb4-3517-4b9e-b0bc-300e7606df39: The system cannot find the path specified. (0x3)
[1202/175258.307:ERROR:process_reader_win.cc(123)] NtOpenThread: {Access Denied} A process has requested access to an object, but has not been granted those access rights. (0xc0000022)
[1202/175258.308:ERROR:exception_snapshot_win.cc(99)] thread ID 7944 not found in process
[1202/175258.334:ERROR:process_reader_win.cc(123)] NtOpenThread: {Access Denied} A process has requested access to an object, but has not been granted those access rights. (0xc0000022)
[1202/175258.335:ERROR:exception_snapshot_win.cc(99)] thread ID 13888 not found in process
[0109/152709.632:ERROR:directory_reader_win.cc(43)] FindFirstFile: The system cannot find the path specified. (0x3)
[0109/155903.726:ERROR:directory_reader_win.cc(43)] FindFirstFile: The system cannot find the path specified. (0x3)
[0109/170333.388:ERROR:filesystem_win.cc(129)] GetFileAttributes C:\Users\rotem\AppData\Local\Temp\scoped_dir9512_447060777\Crashpad\attachments\5aeb45f7-ba82-41cc-8922-fff58b3a6c8c: The system cannot find the path specified. (0x3)
[0109/182930.769:ERROR:directory_reader_win.cc(43)] FindFirstFile: The system cannot find the path specified. (0x3)
[0109/183319.926:ERROR:filesystem_win.cc(129)] GetFileAttributes C:\Users\rotem\AppData\Local\Temp\scoped_dir11184_220643651\Crashpad\attachments\2c69d713-5259-4b96-8c6b-28659ca09118: The system cannot find the path specified. (0x3)
[0109/201044.924:ERROR:directory_reader_win.cc(43)] FindFirstFile: The system cannot find the path specified. (0x3)
[0109/201735.948:ERROR:filesystem_win.cc(129)] GetFileAttributes C:\Users\rotem\AppData\Local\Temp\scoped_dir16588_1965941612\Crashpad\attachments\738b22e8-1180-4550-a1f4-50b6ca4a6daf: The system cannot find the path specified. (0x3)
[0109/203744.431:ERROR:process_reader_win.cc(123)] NtOpenThread: {Access Denied} A process has requested access to an object, but has not been granted those access rights. (0xc0000022)
[0109/203744.432:ERROR:exception_snapshot_win.cc(99)] thread ID 800 not found in process
[0109/203744.454:ERROR:process_reader_win.cc(123)] NtOpenThread: {Access Denied} A process has requested access to an object, but has not been granted those access rights. (0xc0000022)
[0109/203744.455:ERROR:exception_snapshot_win.cc(99)] thread ID 7728 not found in process
[0115/192222.930:ERROR:directory_reader_win.cc(43)] FindFirstFile: The system cannot find the path specified. (0x3)
